0 info it worked if it ends with ok
1 verbose cli [ 'C:\\Program Files\\nodejs\\node.exe',
1 verbose cli   'C:\\Program Files\\nodejs\\node_modules\\npm\\bin\\npm-cli.js',
1 verbose cli   'publish' ]
2 info using npm@2.14.7
3 info using node@v4.2.2
4 verbose publish [ '.' ]
5 silly cache add args [ '.', null ]
6 verbose cache add spec .
7 silly cache add parsed spec Result {
7 silly cache add   raw: '.',
7 silly cache add   scope: null,
7 silly cache add   name: null,
7 silly cache add   rawSpec: '.',
7 silly cache add   spec: 'E:\\node\\home\\user\\learn\\day02\\voidmodule',
7 silly cache add   type: 'directory' }
8 verbose addLocalDirectory C:\Users\mes50\AppData\Roaming\npm-cache\voidmodule\1.0.0\package.tgz not in flight; packing
9 verbose tar pack [ 'C:\\Users\\mes50\\AppData\\Roaming\\npm-cache\\voidmodule\\1.0.0\\package.tgz',
9 verbose tar pack   'E:\\node\\home\\user\\learn\\day02\\voidmodule' ]
10 verbose tarball C:\Users\mes50\AppData\Roaming\npm-cache\voidmodule\1.0.0\package.tgz
11 verbose folder E:\node\home\user\learn\day02\voidmodule
12 info prepublish voidmodule@1.0.0
13 verbose addLocalTarball adding from inside cache C:\Users\mes50\AppData\Roaming\npm-cache\voidmodule\1.0.0\package.tgz
14 silly cache afterAdd voidmodule@1.0.0
15 verbose afterAdd C:\Users\mes50\AppData\Roaming\npm-cache\voidmodule\1.0.0\package\package.json not in flight; writing
16 verbose afterAdd C:\Users\mes50\AppData\Roaming\npm-cache\voidmodule\1.0.0\package\package.json written
17 silly publish { name: 'voidmodule',
17 silly publish   version: '1.0.0',
17 silly publish   description: '1.0.0',
17 silly publish   main: './lib/main.js',
17 silly publish   scripts: { test: 'echo "Error: no test specified" && exit 1' },
17 silly publish   keywords: [ 'test' ],
17 silly publish   author: { name: 'benniu' },
17 silly publish   license: 'ISC',
17 silly publish   readme: 'ERROR: No README data found!',
17 silly publish   _id: 'voidmodule@1.0.0',
17 silly publish   _shasum: '9c86d15e131741647acb7e8dce36e7c1a04f1bed',
17 silly publish   _from: '.' }
18 verbose getPublishConfig undefined
19 silly mapToRegistry name voidmodule
20 silly mapToRegistry using default registry
21 silly mapToRegistry registry https://registry.npmjs.org/
22 silly mapToRegistry uri https://registry.npmjs.org/voidmodule
23 verbose publish registryBase https://registry.npmjs.org/
24 silly publish uploading C:\Users\mes50\AppData\Roaming\npm-cache\voidmodule\1.0.0\package.tgz
25 verbose request uri https://registry.npmjs.org/voidmodule
26 verbose request sending authorization for write operation
27 info attempt registry request try #1 at 18:28:28
28 verbose request using bearer token for auth
29 verbose request id 9ee055a394791a9d
30 http request PUT https://registry.npmjs.org/voidmodule
31 http 403 https://registry.npmjs.org/voidmodule
32 verbose headers { 'content-type': 'application/json',
32 verbose headers   'cache-control': 'max-age=60',
32 verbose headers   'content-length': '102',
32 verbose headers   'accept-ranges': 'bytes',
32 verbose headers   date: 'Thu, 05 Nov 2015 10:28:29 GMT',
32 verbose headers   via: '1.1 varnish',
32 verbose headers   connection: 'keep-alive',
32 verbose headers   'x-served-by': 'cache-nrt6128-NRT',
32 verbose headers   'x-cache': 'MISS',
32 verbose headers   'x-cache-hits': '0',
32 verbose headers   'x-timer': 'S1446719308.726424,VS0,VE444' }
33 verbose request invalidating C:\Users\mes50\AppData\Roaming\npm-cache\registry.npmjs.org\voidmodule on PUT
34 error publish Failed PUT 403
35 verbose stack Error: You do not have permission to publish 'voidmodule'. Are you logged in as the correct user? : voidmodule
35 verbose stack     at makeError (C:\Program Files\nodejs\node_modules\npm\node_modules\npm-registry-client\lib\request.js:264:12)
35 verbose stack     at CachingRegistryClient.<anonymous> (C:\Program Files\nodejs\node_modules\npm\node_modules\npm-registry-client\lib\request.js:252:14)
35 verbose stack     at Request._callback (C:\Program Files\nodejs\node_modules\npm\node_modules\npm-registry-client\lib\request.js:172:14)
35 verbose stack     at Request.self.callback (C:\Program Files\nodejs\node_modules\npm\node_modules\request\request.js:198:22)
35 verbose stack     at emitTwo (events.js:87:13)
35 verbose stack     at Request.emit (events.js:172:7)
35 verbose stack     at Request.<anonymous> (C:\Program Files\nodejs\node_modules\npm\node_modules\request\request.js:1063:14)
35 verbose stack     at emitOne (events.js:82:20)
35 verbose stack     at Request.emit (events.js:169:7)
35 verbose stack     at IncomingMessage.<anonymous> (C:\Program Files\nodejs\node_modules\npm\node_modules\request\request.js:1009:12)
36 verbose statusCode 403
37 verbose pkgid voidmodule
38 verbose cwd E:\node\home\user\learn\day02\voidmodule
39 error Windows_NT 10.0.10240
40 error argv "C:\\Program Files\\nodejs\\node.exe" "C:\\Program Files\\nodejs\\node_modules\\npm\\bin\\npm-cli.js" "publish"
41 error node v4.2.2
42 error npm  v2.14.7
43 error code E403
44 error You do not have permission to publish 'voidmodule'. Are you logged in as the correct user? : voidmodule
45 error If you need help, you may report this error at:
45 error     <https://github.com/npm/npm/issues>
46 verbose exit [ 1, true ]
